ERROR -1 2104 Market data farm connection is OK:hfarm
ERROR -1 2104 Market data farm connection is OK:cashfarm
ERROR -1 2104 Market data farm connection is OK:usfuture
ERROR -1 2104 Market data farm connection is OK:jfarm
ERROR -1 2104 Market data farm connection is OK:usfarm.nj
ERROR -1 2104 Market data farm connection is OK:eufarm
ERROR -1 2104 Market data farm connection is OK:usfarm
ERROR -1 2106 HMDS data farm connection is OK:euhmds
ERROR -1 2106 HMDS data farm connection is OK:fundfarm
ERROR -1 2106 HMDS data farm connection is OK:ushmds
ERROR -1 2158 Sec-def data farm connection is OK:secdefil
ERROR 0 10197 No market data during competing live session
ERROR 0 300 Can't find EId with tickerId:0
ERROR 1 300 Can't find EId with tickerId:1
ERROR 2 300 Can't find EId with tickerId:2
FB
0
AMZN
1
INTC
2
TickPrice. TickerId: 0 tickType: 66 Price: 339.91
TickSize Ignored.
TickPrice. TickerId: 0 tickType: 67 Price: 339.94
TickSize Ignored.
TickPrice. TickerId: 0 tickType: 68 Price: 339.91
TickSize Ignored.
TickPrice. TickerId: 0 tickType: 72 Price: 341.86
TickPrice. TickerId: 0 tickType: 73 Price: 329.78
TickSize Ignored.
TickPrice. TickerId: 0 tickType: 75 Price: 327.74
TickPrice. TickerId: 0 tickType: 76 Price: 329.78
TickPrice. TickerId: 2 tickType: 66 Price: 50.36
TickSize Ignored.
TickPrice. TickerId: 2 tickType: 67 Price: 50.37
TickSize Ignored.
TickPrice. TickerId: 2 tickType: 68 Price: 50.37
TickSize Ignored.
TickPrice. TickerId: 2 tickType: 72 Price: 50.9
TickPrice. TickerId: 2 tickType: 73 Price: 50.31
TickSize Ignored.
TickPrice. TickerId: 2 tickType: 75 Price: 50.53
TickPrice. TickerId: 2 tickType: 76 Price: 50.6
TickPrice. TickerId: 1 tickType: 66 Price: 3521.27
TickSize Ignored.
TickPrice. TickerId: 1 tickType: 67 Price: 3522.51
TickSize Ignored.
TickPrice. TickerId: 1 tickType: 68 Price: 3522.12
TickSize Ignored.
TickPrice. TickerId: 1 tickType: 72 Price: 3540.73
TickPrice. TickerId: 1 tickType: 73 Price: 3447.05
TickSize Ignored.
TickPrice. TickerId: 1 tickType: 75 Price: 3472.5
TickPrice. TickerId: 1 tickType: 76 Price: 3485.0
canceling ticker - FB
canceling ticker - AMZN
canceling ticker - INTC
