ERROR -1 2104 Market data farm connection is OK:hfarm
ERROR -1 2104 Market data farm connection is OK:cashfarm
ERROR -1 2104 Market data farm connection is OK:usfuture
ERROR -1 2104 Market data farm connection is OK:jfarm
ERROR -1 2104 Market data farm connection is OK:usfarm.nj
ERROR -1 2104 Market data farm connection is OK:eufarm
ERROR -1 2104 Market data farm connection is OK:usfarm
ERROR -1 2106 HMDS data farm connection is OK:euhmds
ERROR -1 2106 HMDS data farm connection is OK:fundfarm
ERROR -1 2106 HMDS data farm connection is OK:ushmds
ERROR -1 2158 Sec-def data farm connection is OK:secdefil
ERROR -1 504 Not connected
ERROR 0 504 Not connected
ERROR -1 504 Not connected
ERROR 1 504 Not connected
ERROR -1 504 Not connected
ERROR 2 504 Not connected
ERROR 0 504 Not connected
ERROR 1 504 Not connected
ERROR 2 504 Not connected
FB
0
AMZN
1
INTC
2
canceling ticker - FB
canceling ticker - AMZN
canceling ticker - INTC
